mode: set
github.com/OPGLOL/opgl-data/internal/api/handlers.go:16.69,20.2 1 1
github.com/OPGLOL/opgl-data/internal/api/handlers.go:23.88,30.2 3 1
github.com/OPGLOL/opgl-data/internal/api/handlers.go:33.96,41.79 2 1
github.com/OPGLOL/opgl-data/internal/api/handlers.go:41.79,44.3 2 1
github.com/OPGLOL/opgl-data/internal/api/handlers.go:47.2,47.101 1 1
github.com/OPGLOL/opgl-data/internal/api/handlers.go:47.101,50.3 2 1
github.com/OPGLOL/opgl-data/internal/api/handlers.go:52.2,53.16 2 1
github.com/OPGLOL/opgl-data/internal/api/handlers.go:53.16,56.3 2 1
github.com/OPGLOL/opgl-data/internal/api/handlers.go:58.2,59.42 2 1
github.com/OPGLOL/opgl-data/internal/api/handlers.go:63.95,73.76 2 1
github.com/OPGLOL/opgl-data/internal/api/handlers.go:73.76,76.3 2 1
github.com/OPGLOL/opgl-data/internal/api/handlers.go:79.2,79.31 1 1
github.com/OPGLOL/opgl-data/internal/api/handlers.go:79.31,82.3 2 1
github.com/OPGLOL/opgl-data/internal/api/handlers.go:84.2,87.30 2 1
github.com/OPGLOL/opgl-data/internal/api/handlers.go:87.30,89.3 1 1
github.com/OPGLOL/opgl-data/internal/api/handlers.go:89.8,89.70 1 1
github.com/OPGLOL/opgl-data/internal/api/handlers.go:89.70,92.17 2 1
github.com/OPGLOL/opgl-data/internal/api/handlers.go:92.17,95.4 2 1
github.com/OPGLOL/opgl-data/internal/api/handlers.go:96.3,96.25 1 1
github.com/OPGLOL/opgl-data/internal/api/handlers.go:97.8,100.3 2 1
github.com/OPGLOL/opgl-data/internal/api/handlers.go:103.2,104.16 2 1
github.com/OPGLOL/opgl-data/internal/api/handlers.go:104.16,106.3 1 1
github.com/OPGLOL/opgl-data/internal/api/handlers.go:109.2,110.16 2 1
github.com/OPGLOL/opgl-data/internal/api/handlers.go:110.16,113.3 2 1
github.com/OPGLOL/opgl-data/internal/api/handlers.go:115.2,116.41 2 1
github.com/OPGLOL/opgl-data/internal/api/router.go:8.48,19.2 5 1
github.com/OPGLOL/opgl-data/internal/middleware/logging.go:18.68,23.2 1 1
github.com/OPGLOL/opgl-data/internal/middleware/logging.go:26.55,29.2 2 1
github.com/OPGLOL/opgl-data/internal/middleware/logging.go:32.56,33.82 1 1
github.com/OPGLOL/opgl-data/internal/middleware/logging.go:33.82,57.10 8 1
github.com/OPGLOL/opgl-data/internal/middleware/logging.go:58.26,59.26 1 1
github.com/OPGLOL/opgl-data/internal/middleware/logging.go:60.26,61.25 1 1
github.com/OPGLOL/opgl-data/internal/middleware/logging.go:62.11,63.25 1 1
github.com/OPGLOL/opgl-data/internal/middleware/logging.go:67.3,73.28 1 1
github.com/OPGLOL/opgl-data/internal/config/config.go:21.27,27.22 3 1
github.com/OPGLOL/opgl-data/internal/config/config.go:27.22,29.3 1 1
github.com/OPGLOL/opgl-data/internal/config/config.go:31.2,32.22 2 1
github.com/OPGLOL/opgl-data/internal/config/config.go:32.22,34.3 1 1
github.com/OPGLOL/opgl-data/internal/config/config.go:36.2,42.3 2 1
github.com/OPGLOL/opgl-data/main.go:17.13,56.73 12 0
github.com/OPGLOL/opgl-data/main.go:56.73,58.3 1 0
github.com/OPGLOL/opgl-data/internal/services/riot_service.go:24.49,32.2 1 1
github.com/OPGLOL/opgl-data/internal/services/riot_service.go:35.101,41.2 1 1
github.com/OPGLOL/opgl-data/internal/services/riot_service.go:44.70,60.52 2 1
github.com/OPGLOL/opgl-data/internal/services/riot_service.go:60.52,62.3 1 1
github.com/OPGLOL/opgl-data/internal/services/riot_service.go:65.2,65.30 1 1
github.com/OPGLOL/opgl-data/internal/services/riot_service.go:69.75,85.55 2 1
github.com/OPGLOL/opgl-data/internal/services/riot_service.go:85.55,87.3 1 1
github.com/OPGLOL/opgl-data/internal/services/riot_service.go:90.2,90.33 1 1
github.com/OPGLOL/opgl-data/internal/services/riot_service.go:94.83,96.16 2 1
github.com/OPGLOL/opgl-data/internal/services/riot_service.go:96.16,98.3 1 0
github.com/OPGLOL/opgl-data/internal/services/riot_service.go:101.2,104.16 3 1
github.com/OPGLOL/opgl-data/internal/services/riot_service.go:104.16,106.3 1 1
github.com/OPGLOL/opgl-data/internal/services/riot_service.go:107.2,109.42 2 1
github.com/OPGLOL/opgl-data/internal/services/riot_service.go:109.42,112.3 2 1
github.com/OPGLOL/opgl-data/internal/services/riot_service.go:114.2,114.70 1 1
github.com/OPGLOL/opgl-data/internal/services/riot_service.go:114.70,116.3 1 1
github.com/OPGLOL/opgl-data/internal/services/riot_service.go:118.2,118.12 1 1
github.com/OPGLOL/opgl-data/internal/services/riot_service.go:122.78,123.39 1 1
github.com/OPGLOL/opgl-data/internal/services/riot_service.go:123.39,125.3 1 1
github.com/OPGLOL/opgl-data/internal/services/riot_service.go:126.2,126.51 1 1
github.com/OPGLOL/opgl-data/internal/services/riot_service.go:131.127,143.79 5 1
github.com/OPGLOL/opgl-data/internal/services/riot_service.go:143.79,145.3 1 1
github.com/OPGLOL/opgl-data/internal/services/riot_service.go:148.2,148.66 1 1
github.com/OPGLOL/opgl-data/internal/services/riot_service.go:152.107,158.64 5 1
github.com/OPGLOL/opgl-data/internal/services/riot_service.go:158.64,160.3 1 1
github.com/OPGLOL/opgl-data/internal/services/riot_service.go:162.2,162.23 1 1
github.com/OPGLOL/opgl-data/internal/services/riot_service.go:166.113,172.73 5 1
github.com/OPGLOL/opgl-data/internal/services/riot_service.go:172.73,174.3 1 1
github.com/OPGLOL/opgl-data/internal/services/riot_service.go:177.2,178.35 2 1
github.com/OPGLOL/opgl-data/internal/services/riot_service.go:178.35,180.17 2 1
github.com/OPGLOL/opgl-data/internal/services/riot_service.go:180.17,182.12 1 1
github.com/OPGLOL/opgl-data/internal/services/riot_service.go:184.3,184.36 1 1
github.com/OPGLOL/opgl-data/internal/services/riot_service.go:187.2,187.21 1 1
github.com/OPGLOL/opgl-data/internal/services/riot_service.go:191.103,224.64 5 1
github.com/OPGLOL/opgl-data/internal/services/riot_service.go:224.64,226.3 1 1
github.com/OPGLOL/opgl-data/internal/services/riot_service.go:229.2,238.57 2 1
github.com/OPGLOL/opgl-data/internal/services/riot_service.go:238.57,255.3 1 1
github.com/OPGLOL/opgl-data/internal/services/riot_service.go:257.2,257.19 1 1
